<?xml version="1.0" encoding="UTF-8"?>
<!-- Generated by org.testng.reporters.JUnitReportReporter -->
<testsuite skipped="0" hostname="sjxd7STAprdn473" name="Practice.Incident01" tests="1" failures="0" timestamp="2022-05-17T20:08:29 IST" time="0.031" errors="0">
  <testcase name="practice" time="0.031" classname="Practice.Incident01"/>
  <system-out/>
</testsuite> <!-- Practice.Incident01 -->
