<?xml version="1.0" encoding="UTF-8"?>
<!-- Generated by org.testng.reporters.JUnitReportReporter -->
<testsuite skipped="1" hostname="sjxd7STAprdn473" name="Practice.Incident02" tests="5" failures="0" timestamp="2022-05-18T11:52:04 IST" time="0.014" errors="0">
  <testcase name="practice02" time="0.002" classname="Practice.Incident02"/>
  <system-out/>
  <testcase name="practiceb01" time="0.000" classname="Practice.Incident02"/>
  <system-out/>
  <testcase name="practicec04" time="0.007" classname="Practice.Incident02"/>
  <system-out/>
  <testcase name="practicea05" time="0.005" classname="Practice.Incident02"/>
  <system-out/>
  <testcase name="practice03" classname="Practice.Incident02">
    <skipped/>
  </testcase> <!-- practice03 -->
  <system-out/>
</testsuite> <!-- Practice.Incident02 -->
