<?xml version="1.0" encoding="UTF-8"?>
<!-- Generated by org.testng.reporters.JUnitReportReporter -->
<testsuite skipped="0" hostname="sjxd7STAprdn473" name="Practice.TestNG" tests="1" failures="0" timestamp="2022-05-17T20:14:59 IST" time="0.032" errors="0">
  <testcase name="second" time="0.032" classname="Practice.TestNG"/>
  <system-out/>
</testsuite> <!-- Practice.TestNG -->
