<?xml version="1.0" encoding="UTF-8"?>
<!-- Generated by org.testng.reporters.JUnitReportReporter -->
<testsuite skipped="0" hostname="sjxd7STAprdn473" name="Practice.Change02" tests="1" failures="0" timestamp="2022-06-06T21:06:09 IST" time="0.015" errors="0">
  <testcase name="Friend" time="0.015" classname="Practice.Change02"/>
  <system-out/>
</testsuite> <!-- Practice.Change02 -->
